0.6626 	WARNING 	We strongly recommend you activate the PTB sound engine in PsychoPy prefs as the preferred audio engine. Its timing is vastly superior. Your prefs are currently set to use ['sounddevice', 'PTB', 'pyo', 'pygame'] (in that order).
2.7416 	WARNING 	/Users/sarah/.psychopy3/fonts/Consolas.truetype doesn't have valid font family name
2.8032 	WARNING 	/Users/sarah/.psychopy3/fonts/Consolas.truetype doesn't have valid font family name
5.9368 	WARNING 	User requested fullscreen with size [1024  768], but screen is actually [1792, 1120]. Using actual size
8.1176 	WARNING 	Couldn't measure a consistent frame rate.
  - Is your graphics card set to sync to vertical blank?
  - Are you running other processes on your computer?

8.1183 	EXP 	Created window1 = Window(allowGUI=False, allowStencil=False, autoLog=True, backendConf=UNKNOWN, bitsMode=UNKNOWN, blendMode='avg', bpc=(8, 8, 8), color=array([0, 0, 0]), colorSpace='rgb', depthBits=8, fullscr=<method-wrapper '__getattribute__' of attributeSetter object at 0x7f9056edaa90>, gamma=None, gammaErrorPolicy='raise', lms=UNKNOWN, monitor=<psychopy.monitors.calibTools.Monitor object at 0x7f9056185b38>, multiSample=False, name='window1', numSamples=2, pos=[448.0, 280.0], screen=0, size=array([3584, 2240]), stencilBits=0, stereo=False, units='height', useFBO=True, useRetina=True, viewOri=0.0, viewPos=None, viewScale=None, waitBlanking=True, winType='pyglet')
8.1186 	EXP 	window1: mouseVisible = True
8.1186 	EXP 	window1: recordFrameIntervals = False
8.2841 	EXP 	window1: recordFrameIntervals = True
9.1510 	WARNING 	t of last frame was 20.04ms (=1/49)
9.9480 	WARNING 	Couldn't measure a consistent frame rate.
  - Is your graphics card set to sync to vertical blank?
  - Are you running other processes on your computer?

11.5746 	EXP 	Created text = TextStim(__class__=<class 'psychopy.visual.text.TextStim'>, alignHoriz=method-wrapper(...), alignText='center', alignVert=method-wrapper(...), anchorHoriz='center', anchorVert='center', antialias=True, autoLog=True, bold=False, color=array([1., 1., 1.]), colorSpace='rgb', contrast=1.0, depth=0.0, flipHoriz=False, flipVert=False, font='Open Sans', fontFiles=[], height=0.1, italic=False, languageStyle='LTR', name='text', opacity=1, ori=0.0, pos=array([0., 0.]), rgb=UNKNOWN, text=str(...), units='height', win=Window(...), wrapWidth=1)
11.9547 	EXP 	Created text_2 = TextStim(__class__=<class 'psychopy.visual.text.TextStim'>, alignHoriz=method-wrapper(...), alignText='center', alignVert=method-wrapper(...), anchorHoriz='center', anchorVert='center', antialias=True, autoLog=True, bold=False, color=array([1., 1., 1.]), colorSpace='rgb', contrast=1.0, depth=0.0, flipHoriz=False, flipVert=False, font='Open Sans', fontFiles=[], height=0.1, italic=False, languageStyle='LTR', name='text_2', opacity=1, ori=0.0, pos=array([0., 0.]), rgb=UNKNOWN, text=str(...), units='height', win=Window(...), wrapWidth=1)
12.4016 	EXP 	Sound sound_1 set volume 1.000
12.4358 	WARNING 	t of last frame was 2488.00ms (=1/0)
12.4358 	EXP 	text: autoDraw = True
12.4831 	WARNING 	t of last frame was 20.40ms (=1/49)
21.0340 	WARNING 	t of last frame was 20.77ms (=1/48)
22.2178 	DATA 	Keypress: space
22.2303 	EXP 	text: autoDraw = False
22.2303 	EXP 	text_2: autoDraw = True
23.2218 	DATA 	Keypress: space
23.2299 	EXP 	text_2: autoDraw = False
24.6215 	EXP 	window1: mouseVisible = True
