0.6325 	WARNING 	We strongly recommend you activate the PTB sound engine in PsychoPy prefs as the preferred audio engine. Its timing is vastly superior. Your prefs are currently set to use ['sounddevice', 'PTB', 'pyo', 'pygame'] (in that order).
2.6503 	WARNING 	/Users/sarah/.psychopy3/fonts/Consolas.truetype doesn't have valid font family name
2.7129 	WARNING 	/Users/sarah/.psychopy3/fonts/Consolas.truetype doesn't have valid font family name
4.6854 	WARNING 	User requested fullscreen with size [1024  768], but screen is actually [1792, 1120]. Using actual size
6.8669 	WARNING 	Couldn't measure a consistent frame rate.
  - Is your graphics card set to sync to vertical blank?
  - Are you running other processes on your computer?

6.8673 	EXP 	Created window1 = Window(allowGUI=False, allowStencil=False, autoLog=True, backendConf=UNKNOWN, bitsMode=UNKNOWN, blendMode='avg', bpc=(8, 8, 8), color=array([0, 0, 0]), colorSpace='rgb', depthBits=8, fullscr=<method-wrapper '__getattribute__' of attributeSetter object at 0x7fbb88ffdac8>, gamma=None, gammaErrorPolicy='raise', lms=UNKNOWN, monitor=<psychopy.monitors.calibTools.Monitor object at 0x7fbb882adac8>, multiSample=False, name='window1', numSamples=2, pos=[448.0, 280.0], screen=0, size=array([3584, 2240]), stencilBits=0, stereo=False, units='height', useFBO=True, useRetina=True, viewOri=0.0, viewPos=None, viewScale=None, waitBlanking=True, winType='pyglet')
6.8676 	EXP 	window1: mouseVisible = True
6.8677 	EXP 	window1: recordFrameIntervals = False
7.0360 	EXP 	window1: recordFrameIntervals = True
8.7006 	WARNING 	Couldn't measure a consistent frame rate.
  - Is your graphics card set to sync to vertical blank?
  - Are you running other processes on your computer?

10.3644 	EXP 	Created text = TextStim(__class__=<class 'psychopy.visual.text.TextStim'>, alignHoriz=method-wrapper(...), alignText='center', alignVert=method-wrapper(...), anchorHoriz='center', anchorVert='center', antialias=True, autoLog=True, bold=False, color=array([1., 1., 1.]), colorSpace='rgb', contrast=1.0, depth=0.0, flipHoriz=False, flipVert=False, font='Open Sans', fontFiles=[], height=0.1, italic=False, languageStyle='LTR', name='text', opacity=1, ori=0.0, pos=array([0., 0.]), rgb=UNKNOWN, text='introduction', units='height', win=Window(...), wrapWidth=1)
10.7492 	EXP 	Created text_2 = TextStim(__class__=<class 'psychopy.visual.text.TextStim'>, alignHoriz=method-wrapper(...), alignText='center', alignVert=method-wrapper(...), anchorHoriz='center', anchorVert='center', antialias=True, autoLog=True, bold=False, color=array([1., 1., 1.]), colorSpace='rgb', contrast=1.0, depth=0.0, flipHoriz=False, flipVert=False, font='Open Sans', fontFiles=[], height=0.1, italic=False, languageStyle='LTR', name='text_2', opacity=1, ori=0.0, pos=array([0., 0.]), rgb=UNKNOWN, text='consent forms here', units='height', win=Window(...), wrapWidth=1)
10.8213 	EXP 	Sound sound_1 set volume 1.000
10.8561 	WARNING 	t of last frame was 2155.75ms (=1/0)
10.8561 	EXP 	text: autoDraw = True
12.6535 	WARNING 	t of last frame was 20.76ms (=1/48)
12.8533 	WARNING 	t of last frame was 20.37ms (=1/49)
14.9371 	DATA 	Keypress: space
14.9498 	EXP 	text: autoDraw = False
14.9498 	EXP 	text_2: autoDraw = True
17.2858 	WARNING 	t of last frame was 20.01ms (=1/49)
17.4042 	DATA 	Keypress: space
17.8533 	WARNING 	Multiple dropped frames have occurred - I'll stop bothering you about them!
19.4348 	DATA 	Keypress: space
19.6522 	DATA 	Keypress: space
20.2348 	DATA 	Keypress: quoteleft
22.0191 	DATA 	Keypress: escape
22.8919 	EXP 	window1: mouseVisible = True
