0.6744 	WARNING 	We strongly recommend you activate the PTB sound engine in PsychoPy prefs as the preferred audio engine. Its timing is vastly superior. Your prefs are currently set to use ['sounddevice', 'PTB', 'pyo', 'pygame'] (in that order).
2.6587 	WARNING 	/Users/sarah/.psychopy3/fonts/Consolas.truetype doesn't have valid font family name
2.7239 	WARNING 	/Users/sarah/.psychopy3/fonts/Consolas.truetype doesn't have valid font family name
16.2515 	WARNING 	User requested fullscreen with size [1024  768], but screen is actually [1792, 1120]. Using actual size
18.4275 	WARNING 	Couldn't measure a consistent frame rate.
  - Is your graphics card set to sync to vertical blank?
  - Are you running other processes on your computer?

18.4279 	EXP 	Created window1 = Window(allowGUI=False, allowStencil=False, autoLog=True, backendConf=UNKNOWN, bitsMode=UNKNOWN, blendMode='avg', bpc=(8, 8, 8), color=array([0, 0, 0]), colorSpace='rgb', depthBits=8, fullscr=<method-wrapper '__getattribute__' of attributeSetter object at 0x7fca28720ac8>, gamma=None, gammaErrorPolicy='raise', lms=UNKNOWN, monitor=<psychopy.monitors.calibTools.Monitor object at 0x7fca26d47b38>, multiSample=False, name='window1', numSamples=2, pos=[448.0, 280.0], screen=0, size=array([3584, 2240]), stencilBits=0, stereo=False, units='height', useFBO=True, useRetina=True, viewOri=0.0, viewPos=None, viewScale=None, waitBlanking=True, winType='pyglet')
18.4282 	EXP 	window1: mouseVisible = True
18.4282 	EXP 	window1: recordFrameIntervals = False
18.5975 	EXP 	window1: recordFrameIntervals = True
19.3971 	WARNING 	t of last frame was 20.02ms (=1/49)
20.2610 	WARNING 	Couldn't measure a consistent frame rate.
  - Is your graphics card set to sync to vertical blank?
  - Are you running other processes on your computer?

22.0621 	EXP 	Created text = TextStim(__class__=<class 'psychopy.visual.text.TextStim'>, alignHoriz=method-wrapper(...), alignText='center', alignVert=method-wrapper(...), anchorHoriz='center', anchorVert='center', antialias=True, autoLog=True, bold=False, color=array([1., 1., 1.]), colorSpace='rgb', contrast=1.0, depth=0.0, flipHoriz=False, flipVert=False, font='Open Sans', fontFiles=[], height=0.1, italic=False, languageStyle='LTR', name='text', opacity=1, ori=0.0, pos=array([0., 0.]), rgb=UNKNOWN, text=str(...), units='height', win=Window(...), wrapWidth=1)
22.5102 	EXP 	Created text_2 = TextStim(__class__=<class 'psychopy.visual.text.TextStim'>, alignHoriz=method-wrapper(...), alignText='center', alignVert=method-wrapper(...), anchorHoriz='center', anchorVert='center', antialias=True, autoLog=True, bold=False, color=array([1., 1., 1.]), colorSpace='rgb', contrast=1.0, depth=0.0, flipHoriz=False, flipVert=False, font='Open Sans', fontFiles=[], height=0.1, italic=False, languageStyle='LTR', name='text_2', opacity=1, ori=0.0, pos=array([0., 0.]), rgb=UNKNOWN, text=str(...), units='height', win=Window(...), wrapWidth=1)
23.0037 	EXP 	Sound sound_1 set volume 1.000
23.0401 	WARNING 	t of last frame was 2779.27ms (=1/0)
23.0401 	EXP 	text: autoDraw = True
24.3172 	DATA 	Keypress: space
24.3266 	EXP 	text: autoDraw = False
24.3266 	EXP 	text_2: autoDraw = True
24.7847 	EXP 	Imported stimuli/stim.xlsx as conditions, 5 conditions, 5 params
24.7851 	EXP 	Created sequence: random, trialTypes=5, nReps=0, seed=None
24.7889 	DATA 	Keypress: space
24.7955 	EXP 	text_2: autoDraw = False
25.3516 	EXP 	window1: mouseVisible = True
