0.6365 	WARNING 	We strongly recommend you activate the PTB sound engine in PsychoPy prefs as the preferred audio engine. Its timing is vastly superior. Your prefs are currently set to use ['sounddevice', 'PTB', 'pyo', 'pygame'] (in that order).
2.7284 	WARNING 	/Users/sarah/.psychopy3/fonts/Consolas.truetype doesn't have valid font family name
2.7892 	WARNING 	/Users/sarah/.psychopy3/fonts/Consolas.truetype doesn't have valid font family name
6.9866 	WARNING 	User requested fullscreen with size [1024  768], but screen is actually [1792, 1120]. Using actual size
9.1401 	WARNING 	Couldn't measure a consistent frame rate.
  - Is your graphics card set to sync to vertical blank?
  - Are you running other processes on your computer?

9.1405 	EXP 	Created window1 = Window(allowGUI=False, allowStencil=False, autoLog=True, backendConf=UNKNOWN, bitsMode=UNKNOWN, blendMode='avg', bpc=(8, 8, 8), color=array([0, 0, 0]), colorSpace='rgb', depthBits=8, fullscr=<method-wrapper '__getattribute__' of attributeSetter object at 0x7f9b3ad68be0>, gamma=None, gammaErrorPolicy='raise', lms=UNKNOWN, monitor=<psychopy.monitors.calibTools.Monitor object at 0x7f9b8c5c0cf8>, multiSample=False, name='window1', numSamples=2, pos=[448.0, 280.0], screen=0, size=array([3584, 2240]), stencilBits=0, stereo=False, units='height', useFBO=True, useRetina=True, viewOri=0.0, viewPos=None, viewScale=None, waitBlanking=True, winType='pyglet')
9.1408 	EXP 	window1: mouseVisible = True
9.1408 	EXP 	window1: recordFrameIntervals = False
9.3065 	EXP 	window1: recordFrameIntervals = True
10.9739 	WARNING 	Couldn't measure a consistent frame rate.
  - Is your graphics card set to sync to vertical blank?
  - Are you running other processes on your computer?

12.6311 	EXP 	Created text = TextStim(__class__=<class 'psychopy.visual.text.TextStim'>, alignHoriz=method-wrapper(...), alignText='center', alignVert=method-wrapper(...), anchorHoriz='center', anchorVert='center', antialias=True, autoLog=True, bold=False, color=array([1., 1., 1.]), colorSpace='rgb', contrast=1.0, depth=0.0, flipHoriz=False, flipVert=False, font='Open Sans', fontFiles=[], height=0.1, italic=False, languageStyle='LTR', name='text', opacity=1, ori=0.0, pos=array([0., 0.]), rgb=UNKNOWN, text=str(...), units='height', win=Window(...), wrapWidth=1)
13.0250 	EXP 	Created text_2 = TextStim(__class__=<class 'psychopy.visual.text.TextStim'>, alignHoriz=method-wrapper(...), alignText='center', alignVert=method-wrapper(...), anchorHoriz='center', anchorVert='center', antialias=True, autoLog=True, bold=False, color=array([1., 1., 1.]), colorSpace='rgb', contrast=1.0, depth=0.0, flipHoriz=False, flipVert=False, font='Open Sans', fontFiles=[], height=0.1, italic=False, languageStyle='LTR', name='text_2', opacity=1, ori=0.0, pos=array([0., 0.]), rgb=UNKNOWN, text=str(...), units='height', win=Window(...), wrapWidth=1)
13.4789 	EXP 	Sound sound_1 set volume 1.000
13.4859 	EXP 	Created text_3 = TextStim(__class__=<class 'psychopy.visual.text.TextStim'>, alignHoriz=method-wrapper(...), alignText='center', alignVert=method-wrapper(...), anchorHoriz='center', anchorVert='center', antialias=True, autoLog=True, bold=False, color=array([1., 1., 1.]), colorSpace='rgb', contrast=1.0, depth=0.0, flipHoriz=False, flipVert=False, font='Open Sans', fontFiles=[], height=0.1, italic=False, languageStyle='LTR', name='text_3', opacity=1, ori=0.0, pos=array([0., 0.]), rgb=UNKNOWN, text='thank you \n\n', units='height', win=Window(...), wrapWidth=1)
13.5187 	WARNING 	t of last frame was 2545.04ms (=1/0)
13.5187 	EXP 	text: autoDraw = True
15.3774 	DATA 	Keypress: space
15.3891 	EXP 	text: autoDraw = False
15.3891 	EXP 	text_2: autoDraw = True
15.9428 	WARNING 	t of last frame was 20.49ms (=1/48)
16.8301 	EXP 	Imported experiment/stimuli/stim.xlsx as conditions, 4 conditions, 2 params
16.8308 	EXP 	Created sequence: random, trialTypes=4, nReps=4, seed=None
16.8310 	EXP 	New trial (rep=0, index=0): {'ID': 1, 'word': 'badago_chain.wav'}
16.8360 	DATA 	Keypress: space
16.8422 	EXP 	text_2: autoDraw = False
17.6565 	EXP 	New trial (rep=0, index=1): {'ID': 4, 'word': 'doloze_chain.wav'}
18.4897 	EXP 	New trial (rep=0, index=2): {'ID': 2, 'word': 'balabo_chain.wav'}
19.3227 	EXP 	New trial (rep=0, index=3): {'ID': 3, 'word': 'bolelo_chain.wav'}
20.1564 	EXP 	New trial (rep=1, index=0): {'ID': 3, 'word': 'bolelo_chain.wav'}
20.9928 	EXP 	New trial (rep=1, index=1): {'ID': 4, 'word': 'doloze_chain.wav'}
21.1422 	WARNING 	t of last frame was 20.00ms (=1/49)
21.8236 	EXP 	New trial (rep=1, index=2): {'ID': 1, 'word': 'badago_chain.wav'}
22.5758 	WARNING 	t of last frame was 20.03ms (=1/49)
22.6565 	EXP 	New trial (rep=1, index=3): {'ID': 2, 'word': 'balabo_chain.wav'}
23.4897 	EXP 	New trial (rep=2, index=0): {'ID': 2, 'word': 'balabo_chain.wav'}
24.3238 	EXP 	New trial (rep=2, index=1): {'ID': 4, 'word': 'doloze_chain.wav'}
25.1562 	EXP 	New trial (rep=2, index=2): {'ID': 3, 'word': 'bolelo_chain.wav'}
25.9900 	EXP 	New trial (rep=2, index=3): {'ID': 1, 'word': 'badago_chain.wav'}
26.8234 	EXP 	New trial (rep=3, index=0): {'ID': 3, 'word': 'bolelo_chain.wav'}
27.0257 	WARNING 	Multiple dropped frames have occurred - I'll stop bothering you about them!
27.6566 	EXP 	New trial (rep=3, index=1): {'ID': 1, 'word': 'badago_chain.wav'}
28.4897 	EXP 	New trial (rep=3, index=2): {'ID': 2, 'word': 'balabo_chain.wav'}
29.2574 	DATA 	Keypress: escape
29.3264 	EXP 	New trial (rep=3, index=3): {'ID': 4, 'word': 'doloze_chain.wav'}
30.0493 	EXP 	window1: mouseVisible = True
