0.6702 	WARNING 	We strongly recommend you activate the PTB sound engine in PsychoPy prefs as the preferred audio engine. Its timing is vastly superior. Your prefs are currently set to use ['sounddevice', 'PTB', 'pyo', 'pygame'] (in that order).
2.7133 	WARNING 	/Users/sarah/.psychopy3/fonts/Consolas.truetype doesn't have valid font family name
2.7775 	WARNING 	/Users/sarah/.psychopy3/fonts/Consolas.truetype doesn't have valid font family name
11.8503 	WARNING 	User requested fullscreen with size [1024  768], but screen is actually [1792, 1120]. Using actual size
14.0152 	WARNING 	Couldn't measure a consistent frame rate.
  - Is your graphics card set to sync to vertical blank?
  - Are you running other processes on your computer?

14.0156 	EXP 	Created window1 = Window(allowGUI=False, allowStencil=False, autoLog=True, backendConf=UNKNOWN, bitsMode=UNKNOWN, blendMode='avg', bpc=(8, 8, 8), color=array([0, 0, 0]), colorSpace='rgb', depthBits=8, fullscr=<method-wrapper '__getattribute__' of attributeSetter object at 0x7fbdd871bc18>, gamma=None, gammaErrorPolicy='raise', lms=UNKNOWN, monitor=<psychopy.monitors.calibTools.Monitor object at 0x7fbdd7f84b00>, multiSample=False, name='window1', numSamples=2, pos=[448.0, 280.0], screen=0, size=array([3584, 2240]), stencilBits=0, stereo=False, units='height', useFBO=True, useRetina=True, viewOri=0.0, viewPos=None, viewScale=None, waitBlanking=True, winType='pyglet')
14.0159 	EXP 	window1: mouseVisible = True
14.0160 	EXP 	window1: recordFrameIntervals = False
14.1812 	EXP 	window1: recordFrameIntervals = True
14.3848 	WARNING 	t of last frame was 20.09ms (=1/49)
15.8508 	WARNING 	Couldn't measure a consistent frame rate.
  - Is your graphics card set to sync to vertical blank?
  - Are you running other processes on your computer?

17.7450 	EXP 	Created text = TextStim(__class__=<class 'psychopy.visual.text.TextStim'>, alignHoriz=method-wrapper(...), alignText='center', alignVert=method-wrapper(...), anchorHoriz='center', anchorVert='center', antialias=True, autoLog=True, bold=False, color=array([1., 1., 1.]), colorSpace='rgb', contrast=1.0, depth=0.0, flipHoriz=False, flipVert=False, font='Open Sans', fontFiles=[], height=0.1, italic=False, languageStyle='LTR', name='text', opacity=1, ori=0.0, pos=array([0., 0.]), rgb=UNKNOWN, text=str(...), units='height', win=Window(...), wrapWidth=1)
18.1513 	EXP 	Created text_2 = TextStim(__class__=<class 'psychopy.visual.text.TextStim'>, alignHoriz=method-wrapper(...), alignText='center', alignVert=method-wrapper(...), anchorHoriz='center', anchorVert='center', antialias=True, autoLog=True, bold=False, color=array([1., 1., 1.]), colorSpace='rgb', contrast=1.0, depth=0.0, flipHoriz=False, flipVert=False, font='Open Sans', fontFiles=[], height=0.1, italic=False, languageStyle='LTR', name='text_2', opacity=1, ori=0.0, pos=array([0., 0.]), rgb=UNKNOWN, text=str(...), units='height', win=Window(...), wrapWidth=1)
18.5542 	EXP 	Created text_3 = TextStim(__class__=<class 'psychopy.visual.text.TextStim'>, alignHoriz=method-wrapper(...), alignText='center', alignVert=method-wrapper(...), anchorHoriz='center', anchorVert='center', antialias=True, autoLog=True, bold=False, color=array([1., 1., 1.]), colorSpace='rgb', contrast=1.0, depth=0.0, flipHoriz=False, flipVert=False, font='Open Sans', fontFiles=[], height=0.1, italic=False, languageStyle='LTR', name='text_3', opacity=1, ori=0.0, pos=array([0., 0.]), rgb=UNKNOWN, text='thank you \n\n', units='height', win=Window(...), wrapWidth=1)
18.5864 	WARNING 	t of last frame was 2735.77ms (=1/0)
18.5864 	EXP 	text: autoDraw = True
19.0675 	WARNING 	t of last frame was 20.32ms (=1/49)
24.7196 	DATA 	Keypress: space
24.7483 	EXP 	text: autoDraw = False
24.7483 	EXP 	text_2: autoDraw = True
32.2344 	WARNING 	t of last frame was 20.69ms (=1/48)
44.0173 	WARNING 	Multiple dropped frames have occurred - I'll stop bothering you about them!
86.8215 	EXP 	Imported experiment/stimuli/stim.xlsx as conditions, 4 conditions, 2 params
86.8222 	EXP 	Created sequence: random, trialTypes=4, nReps=1, seed=None
86.8225 	EXP 	New trial (rep=0, index=0): {'ID': 1, 'word': 'badago_chain'}
86.8229 	EXP 	New trial (rep=0, index=1): {'ID': 3, 'word': 'bolelo_chain'}
86.8232 	EXP 	New trial (rep=0, index=2): {'ID': 2, 'word': 'balabo_chain'}
86.8235 	EXP 	New trial (rep=0, index=3): {'ID': 4, 'word': 'doloze_chain'}
86.8299 	DATA 	Keypress: space
86.8345 	EXP 	text_2: autoDraw = False
86.8345 	EXP 	text_3: autoDraw = True
87.8507 	EXP 	text_3: autoDraw = False
88.4206 	EXP 	window1: mouseVisible = True
