0.6453 	WARNING 	We strongly recommend you activate the PTB sound engine in PsychoPy prefs as the preferred audio engine. Its timing is vastly superior. Your prefs are currently set to use ['sounddevice', 'PTB', 'pyo', 'pygame'] (in that order).
3.3675 	WARNING 	/Users/sarah/.psychopy3/fonts/Consolas.truetype doesn't have valid font family name
3.4282 	WARNING 	/Users/sarah/.psychopy3/fonts/Consolas.truetype doesn't have valid font family name
5.7896 	WARNING 	User requested fullscreen with size [1024  768], but screen is actually [1792, 1120]. Using actual size
8.0099 	WARNING 	Couldn't measure a consistent frame rate.
  - Is your graphics card set to sync to vertical blank?
  - Are you running other processes on your computer?

8.0103 	EXP 	Created window1 = Window(allowGUI=False, allowStencil=False, autoLog=True, backendConf=UNKNOWN, bitsMode=UNKNOWN, blendMode='avg', bpc=(8, 8, 8), color=array([0, 0, 0]), colorSpace='rgb', depthBits=8, fullscr=<method-wrapper '__getattribute__' of attributeSetter object at 0x7fc27b26e2e8>, gamma=None, gammaErrorPolicy='raise', lms=UNKNOWN, monitor=<psychopy.monitors.calibTools.Monitor object at 0x7fc27aa280f0>, multiSample=False, name='window1', numSamples=2, pos=[448.0, 280.0], screen=0, size=array([3584, 2240]), stencilBits=0, stereo=False, units='height', useFBO=True, useRetina=True, viewOri=0.0, viewPos=None, viewScale=None, waitBlanking=True, winType='pyglet')
8.0106 	EXP 	window1: mouseVisible = True
8.0107 	EXP 	window1: recordFrameIntervals = False
8.1794 	EXP 	window1: recordFrameIntervals = True
9.4964 	WARNING 	t of last frame was 20.14ms (=1/49)
9.8123 	WARNING 	t of last frame was 20.06ms (=1/49)
9.8466 	WARNING 	Couldn't measure a consistent frame rate.
  - Is your graphics card set to sync to vertical blank?
  - Are you running other processes on your computer?

11.8356 	EXP 	Created text = TextStim(__class__=<class 'psychopy.visual.text.TextStim'>, alignHoriz=method-wrapper(...), alignText='center', alignVert=method-wrapper(...), anchorHoriz='center', anchorVert='center', antialias=True, autoLog=True, bold=False, color=array([1., 1., 1.]), colorSpace='rgb', contrast=1.0, depth=0.0, flipHoriz=False, flipVert=False, font='Open Sans', fontFiles=[], height=0.1, italic=False, languageStyle='LTR', name='text', opacity=1, ori=0.0, pos=array([0., 0.]), rgb=UNKNOWN, text=str(...), units='height', win=Window(...), wrapWidth=1)
12.2372 	EXP 	Created text_2 = TextStim(__class__=<class 'psychopy.visual.text.TextStim'>, alignHoriz=method-wrapper(...), alignText='center', alignVert=method-wrapper(...), anchorHoriz='center', anchorVert='center', antialias=True, autoLog=True, bold=False, color=array([1., 1., 1.]), colorSpace='rgb', contrast=1.0, depth=0.0, flipHoriz=False, flipVert=False, font='Open Sans', fontFiles=[], height=0.1, italic=False, languageStyle='LTR', name='text_2', opacity=1, ori=0.0, pos=array([0., 0.]), rgb=UNKNOWN, text=str(...), units='height', win=Window(...), wrapWidth=1)
12.6373 	EXP 	window1: mouseVisible = True
12.6558 	EXP 	window1: mouseVisible = True
12.6603 	EXP 	Created text_3 = TextStim(__class__=<class 'psychopy.visual.text.TextStim'>, alignHoriz=method-wrapper(...), alignText='center', alignVert=method-wrapper(...), anchorHoriz='center', anchorVert='center', antialias=True, autoLog=True, bold=False, color=array([1., 1., 1.]), colorSpace='rgb', contrast=1.0, depth=0.0, flipHoriz=False, flipVert=False, font='Open Sans', fontFiles=[], height=0.1, italic=False, languageStyle='LTR', name='text_3', opacity=1, ori=0.0, pos=array([0., 0.]), rgb=UNKNOWN, text='thank you \n\n', units='height', win=Window(...), wrapWidth=1)
12.6890 	WARNING 	t of last frame was 2842.59ms (=1/0)
12.6890 	EXP 	text: autoDraw = True
14.9326 	DATA 	Keypress: space
14.9428 	EXP 	text: autoDraw = False
14.9428 	EXP 	text_2: autoDraw = True
16.3031 	EXP 	Imported experiment/stimuli/stim.xlsx as conditions, 5 conditions, 5 params
16.3038 	EXP 	Created sequence: random, trialTypes=5, nReps=0, seed=None
16.3100 	DATA 	Keypress: space
16.3147 	WARNING 	t of last frame was 22.05ms (=1/45)
16.3147 	EXP 	text_2: autoDraw = False
16.3147 	EXP 	text_3: autoDraw = True
17.3129 	EXP 	text_3: autoDraw = False
17.9252 	EXP 	window1: mouseVisible = True
