0.6531 	WARNING 	We strongly recommend you activate the PTB sound engine in PsychoPy prefs as the preferred audio engine. Its timing is vastly superior. Your prefs are currently set to use ['sounddevice', 'PTB', 'pyo', 'pygame'] (in that order).
2.6688 	WARNING 	/Users/sarah/.psychopy3/fonts/Consolas.truetype doesn't have valid font family name
2.7328 	WARNING 	/Users/sarah/.psychopy3/fonts/Consolas.truetype doesn't have valid font family name
8.0473 	WARNING 	User requested fullscreen with size [1024  768], but screen is actually [1792, 1120]. Using actual size
10.2168 	WARNING 	Couldn't measure a consistent frame rate.
  - Is your graphics card set to sync to vertical blank?
  - Are you running other processes on your computer?

10.2173 	EXP 	Created window1 = Window(allowGUI=False, allowStencil=False, autoLog=True, backendConf=UNKNOWN, bitsMode=UNKNOWN, blendMode='avg', bpc=(8, 8, 8), color=array([0, 0, 0]), colorSpace='rgb', depthBits=8, fullscr=<method-wrapper '__getattribute__' of attributeSetter object at 0x7fcb5069bd68>, gamma=None, gammaErrorPolicy='raise', lms=UNKNOWN, monitor=<psychopy.monitors.calibTools.Monitor object at 0x7fcb66b85f98>, multiSample=False, name='window1', numSamples=2, pos=[448.0, 280.0], screen=0, size=array([3584, 2240]), stencilBits=0, stereo=False, units='height', useFBO=True, useRetina=True, viewOri=0.0, viewPos=None, viewScale=None, waitBlanking=True, winType='pyglet')
10.2175 	EXP 	window1: mouseVisible = True
10.2176 	EXP 	window1: recordFrameIntervals = False
10.3808 	EXP 	window1: recordFrameIntervals = True
11.7007 	WARNING 	t of last frame was 20.10ms (=1/49)
12.0479 	WARNING 	Couldn't measure a consistent frame rate.
  - Is your graphics card set to sync to vertical blank?
  - Are you running other processes on your computer?

13.7968 	EXP 	Created text = TextStim(__class__=<class 'psychopy.visual.text.TextStim'>, alignHoriz=method-wrapper(...), alignText='center', alignVert=method-wrapper(...), anchorHoriz='center', anchorVert='center', antialias=True, autoLog=True, bold=False, color=array([1., 1., 1.]), colorSpace='rgb', contrast=1.0, depth=0.0, flipHoriz=False, flipVert=False, font='Open Sans', fontFiles=[], height=0.1, italic=False, languageStyle='LTR', name='text', opacity=1, ori=0.0, pos=array([0., 0.]), rgb=UNKNOWN, text=str(...), units='height', win=Window(...), wrapWidth=1)
14.2009 	EXP 	Created text_2 = TextStim(__class__=<class 'psychopy.visual.text.TextStim'>, alignHoriz=method-wrapper(...), alignText='center', alignVert=method-wrapper(...), anchorHoriz='center', anchorVert='center', antialias=True, autoLog=True, bold=False, color=array([1., 1., 1.]), colorSpace='rgb', contrast=1.0, depth=0.0, flipHoriz=False, flipVert=False, font='Open Sans', fontFiles=[], height=0.1, italic=False, languageStyle='LTR', name='text_2', opacity=1, ori=0.0, pos=array([0., 0.]), rgb=UNKNOWN, text=str(...), units='height', win=Window(...), wrapWidth=1)
14.5961 	EXP 	window1: mouseVisible = True
14.6126 	EXP 	window1: mouseVisible = True
14.6171 	EXP 	Created text_3 = TextStim(__class__=<class 'psychopy.visual.text.TextStim'>, alignHoriz=method-wrapper(...), alignText='center', alignVert=method-wrapper(...), anchorHoriz='center', anchorVert='center', antialias=True, autoLog=True, bold=False, color=array([1., 1., 1.]), colorSpace='rgb', contrast=1.0, depth=0.0, flipHoriz=False, flipVert=False, font='Open Sans', fontFiles=[], height=0.1, italic=False, languageStyle='LTR', name='text_3', opacity=1, ori=0.0, pos=array([0., 0.]), rgb=UNKNOWN, text='thank you \n\n', units='height', win=Window(...), wrapWidth=1)
14.6436 	WARNING 	t of last frame was 2595.92ms (=1/0)
14.6436 	EXP 	text: autoDraw = True
15.9851 	DATA 	Keypress: space
15.9969 	EXP 	text: autoDraw = False
15.9969 	EXP 	text_2: autoDraw = True
16.8404 	EXP 	Imported experiment/stimuli/stim.xlsx as conditions, 5 conditions, 5 params
16.8410 	EXP 	Created sequence: random, trialTypes=5, nReps=0, seed=None
16.8474 	DATA 	Keypress: space
16.8519 	WARNING 	t of last frame was 21.29ms (=1/46)
16.8519 	EXP 	text_2: autoDraw = False
16.8519 	EXP 	text_3: autoDraw = True
17.7495 	DATA 	Keypress: space
17.8670 	EXP 	text_3: autoDraw = False
18.4396 	EXP 	window1: mouseVisible = True
